<?xml version="1.0" encoding="UTF-8"?>
<testsuite name="com.dodorian.DodorianApplicationTests" tests="1" skipped="0" failures="0" errors="0" timestamp="2025-07-06T14:19:06.652Z" hostname="JUNHYOUNGui-Mac-Studio-61909.local" time="0.3">
  <properties/>
  <testcase name="contextLoads()" classname="com.dodorian.DodorianApplicationTests" time="0.3"/>
  <system-out><![CDATA[23:19:05.185 [Test worker] INFO org.springframework.test.context.support.AnnotationConfigContextLoaderUtils -- Could not detect default configuration classes for test class [com.dodorian.DodorianApplicationTests]: DodorianApplicationTests does not declare any static, non-private, non-final, nested classes annotated with @Configuration.
23:19:05.232 [Test worker] INFO org.springframework.boot.test.context.SpringBootTestContextBootstrapper -- Found @SpringBootConfiguration com.dodorian.DodorianApplication for test class com.dodorian.DodorianApplicationTests

  .   ____          _            __ _ _
 /\\ / ___'_ __ _ _(_)_ __  __ _ \ \ \ \
( ( )\___ | '_ | '_| | '_ \/ _` | \ \ \ \
 \\/  ___)| |_)| | | | | || (_| |  ) ) ) )
  '  |____| .__|_| |_|_| |_\__, | / / / /
 =========|_|==============|___/=/_/_/_/

 :: Spring Boot ::       (v3.4.8-SNAPSHOT)

2025-07-06T23:19:05.428+09:00  INFO 88356 --- [    Test worker] com.dodorian.DodorianApplicationTests    : Starting DodorianApplicationTests using Java 17.0.6 with PID 88356 (started by junhyoungcho in /Users/junhyoungcho/study/dodorian)
2025-07-06T23:19:05.428+09:00  INFO 88356 --- [    Test worker] com.dodorian.DodorianApplicationTests    : No active profile set, falling back to 1 default profile: "default"
2025-07-06T23:19:05.640+09:00  INFO 88356 --- [    Test worker] .s.d.r.c.RepositoryConfigurationDelegate : Multiple Spring Data modules found, entering strict repository configuration mode
2025-07-06T23:19:05.640+09:00  INFO 88356 --- [    Test worker] .s.d.r.c.RepositoryConfigurationDelegate : Bootstrapping Spring Data JDBC repositories in DEFAULT mode.
2025-07-06T23:19:05.646+09:00  INFO 88356 --- [    Test worker] .s.d.r.c.RepositoryConfigurationDelegate : Finished Spring Data repository scanning in 2 ms. Found 0 JDBC repository interfaces.
2025-07-06T23:19:05.731+09:00  INFO 88356 --- [    Test worker] .s.d.r.c.RepositoryConfigurationDelegate : Multiple Spring Data modules found, entering strict repository configuration mode
2025-07-06T23:19:05.732+09:00  INFO 88356 --- [    Test worker] .s.d.r.c.RepositoryConfigurationDelegate : Bootstrapping Spring Data JPA repositories in DEFAULT mode.
2025-07-06T23:19:05.735+09:00  INFO 88356 --- [    Test worker] .s.d.r.c.RepositoryConfigurationDelegate : Finished Spring Data repository scanning in 1 ms. Found 0 JPA repository interfaces.
2025-07-06T23:19:05.771+09:00  WARN 88356 --- [    Test worker] o.m.s.mapper.ClassPathMapperScanner      : No MyBatis mapper was found in '[com.dodorian]' package. Please check your configuration.
2025-07-06T23:19:05.874+09:00  INFO 88356 --- [    Test worker] o.s.j.d.e.EmbeddedDatabaseFactory        : Starting embedded database: url='jdbc:h2:mem:testdb;DB_CLOSE_DELAY=-1;DB_CLOSE_ON_EXIT=false', username='sa'
2025-07-06T23:19:06.010+09:00  INFO 88356 --- [    Test worker] o.hibernate.jpa.internal.util.LogHelper  : HHH000204: Processing PersistenceUnitInfo [name: default]
2025-07-06T23:19:06.032+09:00  INFO 88356 --- [    Test worker] org.hibernate.Version                    : HHH000412: Hibernate ORM core version 6.6.18.Final
2025-07-06T23:19:06.047+09:00  INFO 88356 --- [    Test worker] o.h.c.internal.RegionFactoryInitiator    : HHH000026: Second-level cache disabled
2025-07-06T23:19:06.160+09:00  INFO 88356 --- [    Test worker] o.s.o.j.p.SpringPersistenceUnitInfo      : No LoadTimeWeaver setup: ignoring JPA class transformer
2025-07-06T23:19:06.177+09:00  WARN 88356 --- [    Test worker] org.hibernate.orm.deprecation            : HHH90000025: H2Dialect does not need to be specified explicitly using 'hibernate.dialect' (remove the property setting and it will be selected by default)
2025-07-06T23:19:06.185+09:00  INFO 88356 --- [    Test worker] org.hibernate.orm.connections.pooling    : HHH10001005: Database info:
	Database JDBC URL [Connecting through datasource 'org.springframework.jdbc.datasource.embedded.EmbeddedDatabaseFactory$EmbeddedDataSourceProxy@2bab618']
	Database driver: undefined/unknown
	Database version: 2.3.232
	Autocommit mode: undefined/unknown
	Isolation level: undefined/unknown
	Minimum pool size: undefined/unknown
	Maximum pool size: undefined/unknown
2025-07-06T23:19:06.313+09:00  INFO 88356 --- [    Test worker] o.h.e.t.j.p.i.JtaPlatformInitiator       : HHH000489: No JTA platform available (set 'hibernate.transaction.jta.platform' to enable JTA platform integration)
2025-07-06T23:19:06.315+09:00  INFO 88356 --- [    Test worker] j.LocalContainerEntityManagerFactoryBean : Initialized JPA EntityManagerFactory for persistence unit 'default'
2025-07-06T23:19:06.438+09:00  WARN 88356 --- [    Test worker] JpaBaseConfiguration$JpaWebConfiguration : spring.jpa.open-in-view is enabled by default. Therefore, database queries may be performed during view rendering. Explicitly configure spring.jpa.open-in-view to disable this warning
2025-07-06T23:19:06.619+09:00  INFO 88356 --- [    Test worker] o.s.b.a.h2.H2ConsoleAutoConfiguration    : H2 console available at '/h2-console'. Database available at 'jdbc:h2:mem:testdb'
2025-07-06T23:19:06.645+09:00  INFO 88356 --- [    Test worker] com.dodorian.DodorianApplicationTests    : Started DodorianApplicationTests in 1.348 seconds (process running for 1.827)
URL = jdbc:h2:mem:testdb
UserName = SA
]]></system-out>
  <system-err><![CDATA[]]></system-err>
</testsuite>
